This file contains any messages produced by compilers while
running configure, to aid debugging if configure makes a mistake.

It was created by JsonSchemaBuilder configure 1.0, which was
generated by GNU Autoconf 2.69.  Invocation command line was

  $ ./configure --prefix=/root/git-working/xbmc/tools/depends/native/JsonSchemaBuilder

## --------- ##
## Platform. ##
## --------- ##

hostname = pbx
uname -m = x86_64
uname -r = 4.4.0-x86_64-dts
uname -s = Linux
uname -v = #1 SMP PREEMPT Wed Jan 27 07:22:20 SAST 2016

/usr/bin/uname -p = unknown
/bin/uname -X     = unknown

/bin/arch              = x86_64
/usr/bin/arch -k       = unknown
/usr/convex/getsysinfo = unknown
/usr/bin/hostinfo      = unknown
/bin/machine           = unknown
/usr/bin/oslevel       = unknown
/bin/universe          = unknown

PATH: /usr/local/sbin
PATH: /usr/local/bin
PATH: /usr/sbin
PATH: /usr/bin
PATH: /sbin
PATH: /bin
PATH: /opt/apache2/bin
PATH: /opt/Xorg/bin
PATH: /opt/xfce/bin
PATH: /usr/lib64/jvm/jdk-1.7.0_95/bin
PATH: /usr/lib64/jvm/apache-ant-1.9.2/bin
PATH: /usr/lib64/jvm/apache-maven-3.1.1/bin
PATH: /opt/texlive/bin/custom
PATH: /opt/android-studio/bin
PATH: /opt/apache2/bin
PATH: /opt/apr/bin
PATH: /opt/dtsbuild/bin
PATH: /opt/forrest/bin
PATH: /opt/gnat/bin
PATH: /opt/libjpeg-turbo/bin
PATH: /opt/MailScanner/bin
PATH: /opt/MailScanner-4.84.5-3/bin
PATH: /opt/MailScanner.old/bin
PATH: /opt/majordomo/bin
PATH: /opt/mesa-demos/bin
PATH: /opt/mysql/bin
PATH: /opt/qemu/bin
PATH: /opt/qt-4-old/bin
PATH: /opt/qt-5/bin
PATH: /opt/radius/bin
PATH: /opt/texlive/bin
PATH: /opt/xfce/bin
PATH: /opt/Xorg/bin
PATH: /opt/qt-5/bin
PATH: /opt/fop


## ----------- ##
## Core tests. ##
## ----------- ##

configure:1835: checking for a BSD-compatible install
configure:1903: result: /usr/bin/ginstall -c
configure:1914: checking whether build environment is sane
configure:1969: result: yes
configure:2120: checking for a thread-safe mkdir -p
configure:2159: result: /usr/bin/mkdir -p
configure:2166: checking for gawk
configure:2182: found /usr/bin/gawk
configure:2193: result: gawk
configure:2204: checking whether make sets $(MAKE)
configure:2226: result: yes
configure:2255: checking whether make supports nested variables
configure:2272: result: yes
configure:2456: checking for g++
configure:2472: found /usr/bin/g++
configure:2483: result: g++
configure:2510: checking for C++ compiler version
configure:2519: g++ --version >&5
g++ (GCC) 6.1.1 20160429
Copyright (C) 2016 Free Software Foundation, Inc.
This is free software; see the source for copying conditions.  There is NO
warranty; not even for MERCHANTABILITY or FITNESS FOR A PARTICULAR PURPOSE.

configure:2530: $? = 0
configure:2519: g++ -v >&5
Using built-in specs.
COLLECT_GCC=g++
COLLECT_LTO_WRAPPER=/usr/libexec/gcc/x86_64-linux-gnu/6.1.1/lto-wrapper
Target: x86_64-linux-gnu
Configured with: ./../configure --prefix=/usr --sysconfdir=/etc/ --mandir=/usr/share/man --localstatedir=/var --infodir=/usr/share/info --libdir=/usr/lib64 --host=x86_64-linux-gnu --build=x86_64-linux-gnu --with-build-sysroot=/var/opt/dtsbuild/sysroot/x86_64 --with-ecj-jar=/usr/share/java/ecj-4.3.2.jar --enable-lto --enable-cloog-backend=isl --enable-java-home --with-system-zlib --with-gmp-lib=/var/opt/dtsbuild/sysroot/x86_64//usr/lib64/x86_64 --target=x86_64-linux-gnu --with-multilib-list=m32,m64,mx32 --with-sysroot=/ --enable-multilib --with-jvm-root-dir=/usr/lib64/jvm/gcj-jdk --enable-languages=c,c++,fortran,java,lto,objc,obj-c++,go,ada
Thread model: posix
gcc version 6.1.1 20160429 (GCC) 
configure:2530: $? = 0
configure:2519: g++ -V >&5
g++: error: unrecognized command line option '-V'
g++: fatal error: no input files
compilation terminated.
configure:2530: $? = 1
configure:2519: g++ -qversion >&5
g++: error: unrecognized command line option '-qversion'; did you mean '--version'?
g++: fatal error: no input files
compilation terminated.
configure:2530: $? = 1
configure:2550: checking whether the C++ compiler works
configure:2572: g++    conftest.cpp  >&5
configure:2576: $? = 0
configure:2624: result: yes
configure:2627: checking for C++ compiler default output file name
configure:2629: result: a.out
configure:2635: checking for suffix of executables
configure:2642: g++ -o conftest    conftest.cpp  >&5
configure:2646: $? = 0
configure:2668: result: 
configure:2690: checking whether we are cross compiling
configure:2698: g++ -o conftest    conftest.cpp  >&5
configure:2702: $? = 0
configure:2709: ./conftest
configure:2713: $? = 0
configure:2728: result: no
configure:2733: checking for suffix of object files
configure:2755: g++ -c   conftest.cpp >&5
configure:2759: $? = 0
configure:2780: result: o
configure:2784: checking whether we are using the GNU C++ compiler
configure:2803: g++ -c   conftest.cpp >&5
configure:2803: $? = 0
configure:2812: result: yes
configure:2821: checking whether g++ accepts -g
configure:2841: g++ -c -g  conftest.cpp >&5
configure:2841: $? = 0
configure:2882: result: yes
configure:2916: checking for style of include used by make
configure:2944: result: GNU
configure:2970: checking dependency style of g++
configure:3081: result: gcc3
configure:3244: checking that generated files are newer than configure
configure:3250: result: done
configure:3273: creating ./config.status

## ---------------------- ##
## Running config.status. ##
## ---------------------- ##

This file was extended by JsonSchemaBuilder config.status 1.0, which was
generated by GNU Autoconf 2.69.  Invocation command line was

  CONFIG_FILES    = 
  CONFIG_HEADERS  = 
  CONFIG_LINKS    = 
  CONFIG_COMMANDS = 
  $ ./config.status 

on pbx

config.status:772: creating Makefile
config.status:944: executing depfiles commands

## ---------------- ##
## Cache variables. ##
## ---------------- ##

ac_cv_cxx_compiler_gnu=yes
ac_cv_env_CCC_set=
ac_cv_env_CCC_value=
ac_cv_env_CPPFLAGS_set=
ac_cv_env_CPPFLAGS_value=
ac_cv_env_CXXFLAGS_set=
ac_cv_env_CXXFLAGS_value=
ac_cv_env_CXX_set=
ac_cv_env_CXX_value=
ac_cv_env_LDFLAGS_set=
ac_cv_env_LDFLAGS_value=
ac_cv_env_LIBS_set=
ac_cv_env_LIBS_value=
ac_cv_env_build_alias_set=
ac_cv_env_build_alias_value=
ac_cv_env_host_alias_set=
ac_cv_env_host_alias_value=
ac_cv_env_target_alias_set=
ac_cv_env_target_alias_value=
ac_cv_objext=o
ac_cv_path_install='/usr/bin/ginstall -c'
ac_cv_path_mkdir=/usr/bin/mkdir
ac_cv_prog_AWK=gawk
ac_cv_prog_ac_ct_CXX=g++
ac_cv_prog_cxx_g=yes
ac_cv_prog_make_make_set=yes
am_cv_CXX_dependencies_compiler_type=gcc3
am_cv_make_support_nested_variables=yes

## ----------------- ##
## Output variables. ##
## ----------------- ##

ACLOCAL='${SHELL} /root/git-working/xbmc/tools/depends/native/JsonSchemaBuilder/native/config/missing aclocal-1.14'
AMDEPBACKSLASH='\'
AMDEP_FALSE='#'
AMDEP_TRUE=''
AMTAR='$${TAR-tar}'
AM_BACKSLASH='\'
AM_DEFAULT_V='$(AM_DEFAULT_VERBOSITY)'
AM_DEFAULT_VERBOSITY='1'
AM_V='$(V)'
AUTOCONF='${SHELL} /root/git-working/xbmc/tools/depends/native/JsonSchemaBuilder/native/config/missing autoconf'
AUTOHEADER='${SHELL} /root/git-working/xbmc/tools/depends/native/JsonSchemaBuilder/native/config/missing autoheader'
AUTOMAKE='${SHELL} /root/git-working/xbmc/tools/depends/native/JsonSchemaBuilder/native/config/missing automake-1.14'
AWK='gawk'
CPPFLAGS=''
CXX='g++'
CXXDEPMODE='depmode=gcc3'
CXXFLAGS='-g -O2'
CYGPATH_W='echo'
DEFS='-DPACKAGE_NAME=\"JsonSchemaBuilder\" -DPACKAGE_TARNAME=\"jsonschemabuilder\" -DPACKAGE_VERSION=\"1.0\" -DPACKAGE_STRING=\"JsonSchemaBuilder\ 1.0\" -DPACKAGE_BUGREPORT=\"me@mail.com\" -DPACKAGE_URL=\"\" -DPACKAGE=\"jsonschemabuilder\" -DVERSION=\"1.0\"'
DEPDIR='.deps'
ECHO_C=''
ECHO_N='-n'
ECHO_T=''
EXEEXT=''
INSTALL_DATA='${INSTALL} -m 644'
INSTALL_PROGRAM='${INSTALL}'
INSTALL_SCRIPT='${INSTALL}'
INSTALL_STRIP_PROGRAM='$(install_sh) -c -s'
LDFLAGS=''
LIBOBJS=''
LIBS=''
LTLIBOBJS=''
MAKEINFO='${SHELL} /root/git-working/xbmc/tools/depends/native/JsonSchemaBuilder/native/config/missing makeinfo'
MKDIR_P='/usr/bin/mkdir -p'
OBJEXT='o'
PACKAGE='jsonschemabuilder'
PACKAGE_BUGREPORT='me@mail.com'
PACKAGE_NAME='JsonSchemaBuilder'
PACKAGE_STRING='JsonSchemaBuilder 1.0'
PACKAGE_TARNAME='jsonschemabuilder'
PACKAGE_URL=''
PACKAGE_VERSION='1.0'
PATH_SEPARATOR=':'
SET_MAKE=''
SHELL='/bin/sh'
STRIP=''
VERSION='1.0'
ac_ct_CXX='g++'
am__EXEEXT_FALSE=''
am__EXEEXT_TRUE='#'
am__fastdepCXX_FALSE='#'
am__fastdepCXX_TRUE=''
am__include='include'
am__isrc=''
am__leading_dot='.'
am__nodep='_no'
am__quote=''
am__tar='$${TAR-tar} chof - "$$tardir"'
am__untar='$${TAR-tar} xf -'
bindir='${exec_prefix}/bin'
build_alias=''
datadir='${datarootdir}'
datarootdir='${prefix}/share'
docdir='${datarootdir}/doc/${PACKAGE_TARNAME}'
dvidir='${docdir}'
exec_prefix='${prefix}'
host_alias=''
htmldir='${docdir}'
includedir='${prefix}/include'
infodir='${datarootdir}/info'
install_sh='${SHELL} /root/git-working/xbmc/tools/depends/native/JsonSchemaBuilder/native/config/install-sh'
libdir='${exec_prefix}/lib'
libexecdir='${exec_prefix}/libexec'
localedir='${datarootdir}/locale'
localstatedir='${prefix}/var'
mandir='${datarootdir}/man'
mkdir_p='$(MKDIR_P)'
oldincludedir='/usr/include'
pdfdir='${docdir}'
prefix='/root/git-working/xbmc/tools/depends/native/JsonSchemaBuilder'
program_transform_name='s,x,x,'
psdir='${docdir}'
sbindir='${exec_prefix}/sbin'
sharedstatedir='${prefix}/com'
sysconfdir='${prefix}/etc'
target_alias=''

## ----------- ##
## confdefs.h. ##
## ----------- ##

/* confdefs.h */
#define PACKAGE_NAME "JsonSchemaBuilder"
#define PACKAGE_TARNAME "jsonschemabuilder"
#define PACKAGE_VERSION "1.0"
#define PACKAGE_STRING "JsonSchemaBuilder 1.0"
#define PACKAGE_BUGREPORT "me@mail.com"
#define PACKAGE_URL ""
#define PACKAGE "jsonschemabuilder"
#define VERSION "1.0"

configure: exit 0
